
*** Running vivado
    with args -log Processor.vds -m64 -product Vivado -mode batch -messageDb vivado.pb -notrace -source Processor.tcl



****** Vivado v2020.2.2 (64-bit)
  **** SW Build 3118627 on Tue Feb  9 05:14:06 MST 2021
  **** IP Build 3115676 on Tue Feb  9 10:48:11 MST 2021
    ** Copyright 1986-2021 Xilinx, Inc. All Rights Reserved.

source Processor.tcl -notrace
Command: synth_design -top Processor -part xc7k160tfbg676-3
Starting synth_design
Attempting to get a license for feature 'Synthesis' and/or device 'xc7k160t'
INFO: [Common 17-349] Got license for feature 'Synthesis' and/or device 'xc7k160t'
INFO: [Synth 8-7079] Multithreading enabled for synth_design using a maximum of 2 processes.
INFO: [Synth 8-7078] Launching helper process for spawning children vivado processes
INFO: [Synth 8-7075] Helper process launched with PID 32588
---------------------------------------------------------------------------------
Starting Synthesize : Time (s): cpu = 00:00:04 ; elapsed = 00:00:04 . Memory (MB): peak = 1027.977 ; gain = 0.000
---------------------------------------------------------------------------------
INFO: [Synth 8-638] synthesizing module 'Processor' [E:/Github_repository/COMP3601/VHDL Work/Shi Tong Yuan/Shi Tong Yuan.srcs/sources_1/new/Processor.vhd:13]
INFO: [Synth 8-3491] module 'generate_A' declared at 'E:/Github_repository/COMP3601/VHDL Work/Shi Tong Yuan/Shi Tong Yuan.srcs/sources_1/new/generate_A.vhd:7' bound to instance 'generate_Matrix_A' of component 'generate_A' [E:/Github_repository/COMP3601/VHDL Work/Shi Tong Yuan/Shi Tong Yuan.srcs/sources_1/new/Processor.vhd:83]
INFO: [Synth 8-638] synthesizing module 'generate_A' [E:/Github_repository/COMP3601/VHDL Work/Shi Tong Yuan/Shi Tong Yuan.srcs/sources_1/new/generate_A.vhd:17]
	Parameter data_width bound to: 7 - type: integer 
INFO: [Synth 8-3491] module 'random_generator' declared at 'E:/Github_repository/COMP3601/VHDL Work/Shi Tong Yuan/Shi Tong Yuan.srcs/sources_1/new/random_generator.vhd:5' bound to instance 'random_number' of component 'random_generator' [E:/Github_repository/COMP3601/VHDL Work/Shi Tong Yuan/Shi Tong Yuan.srcs/sources_1/new/generate_A.vhd:30]
INFO: [Synth 8-638] synthesizing module 'random_generator' [E:/Github_repository/COMP3601/VHDL Work/Shi Tong Yuan/Shi Tong Yuan.srcs/sources_1/new/random_generator.vhd:15]
	Parameter data_width bound to: 7 - type: integer 
WARNING: [Synth 8-614] signal 'run' is read in the process but is not in the sensitivity list [E:/Github_repository/COMP3601/VHDL Work/Shi Tong Yuan/Shi Tong Yuan.srcs/sources_1/new/random_generator.vhd:22]
WARNING: [Synth 8-614] signal 'seed' is read in the process but is not in the sensitivity list [E:/Github_repository/COMP3601/VHDL Work/Shi Tong Yuan/Shi Tong Yuan.srcs/sources_1/new/random_generator.vhd:22]
INFO: [Synth 8-256] done synthesizing module 'random_generator' (1#1) [E:/Github_repository/COMP3601/VHDL Work/Shi Tong Yuan/Shi Tong Yuan.srcs/sources_1/new/random_generator.vhd:15]
INFO: [Synth 8-256] done synthesizing module 'generate_A' (2#1) [E:/Github_repository/COMP3601/VHDL Work/Shi Tong Yuan/Shi Tong Yuan.srcs/sources_1/new/generate_A.vhd:17]
WARNING: [Synth 8-312] ignoring unsynthesizable construct: wait statement with no conditon [E:/Github_repository/COMP3601/VHDL Work/Shi Tong Yuan/Shi Tong Yuan.srcs/sources_1/new/Processor.vhd:95]
WARNING: [Synth 8-312] ignoring unsynthesizable construct: wait statement with no conditon [E:/Github_repository/COMP3601/VHDL Work/Shi Tong Yuan/Shi Tong Yuan.srcs/sources_1/new/Processor.vhd:95]
WARNING: [Synth 8-312] ignoring unsynthesizable construct: wait statement with no conditon [E:/Github_repository/COMP3601/VHDL Work/Shi Tong Yuan/Shi Tong Yuan.srcs/sources_1/new/Processor.vhd:95]
WARNING: [Synth 8-312] ignoring unsynthesizable construct: wait statement with no conditon [E:/Github_repository/COMP3601/VHDL Work/Shi Tong Yuan/Shi Tong Yuan.srcs/sources_1/new/Processor.vhd:95]
WARNING: [Synth 8-312] ignoring unsynthesizable construct: wait statement with no conditon [E:/Github_repository/COMP3601/VHDL Work/Shi Tong Yuan/Shi Tong Yuan.srcs/sources_1/new/Processor.vhd:95]
WARNING: [Synth 8-312] ignoring unsynthesizable construct: wait statement with no conditon [E:/Github_repository/COMP3601/VHDL Work/Shi Tong Yuan/Shi Tong Yuan.srcs/sources_1/new/Processor.vhd:95]
WARNING: [Synth 8-312] ignoring unsynthesizable construct: wait statement with no conditon [E:/Github_repository/COMP3601/VHDL Work/Shi Tong Yuan/Shi Tong Yuan.srcs/sources_1/new/Processor.vhd:95]
WARNING: [Synth 8-312] ignoring unsynthesizable construct: wait statement with no conditon [E:/Github_repository/COMP3601/VHDL Work/Shi Tong Yuan/Shi Tong Yuan.srcs/sources_1/new/Processor.vhd:95]
WARNING: [Synth 8-312] ignoring unsynthesizable construct: wait statement with no conditon [E:/Github_repository/COMP3601/VHDL Work/Shi Tong Yuan/Shi Tong Yuan.srcs/sources_1/new/Processor.vhd:95]
WARNING: [Synth 8-312] ignoring unsynthesizable construct: wait statement with no conditon [E:/Github_repository/COMP3601/VHDL Work/Shi Tong Yuan/Shi Tong Yuan.srcs/sources_1/new/Processor.vhd:95]
WARNING: [Synth 8-312] ignoring unsynthesizable construct: wait statement with no conditon [E:/Github_repository/COMP3601/VHDL Work/Shi Tong Yuan/Shi Tong Yuan.srcs/sources_1/new/Processor.vhd:95]
WARNING: [Synth 8-312] ignoring unsynthesizable construct: wait statement with no conditon [E:/Github_repository/COMP3601/VHDL Work/Shi Tong Yuan/Shi Tong Yuan.srcs/sources_1/new/Processor.vhd:95]
WARNING: [Synth 8-312] ignoring unsynthesizable construct: wait statement with no conditon [E:/Github_repository/COMP3601/VHDL Work/Shi Tong Yuan/Shi Tong Yuan.srcs/sources_1/new/Processor.vhd:95]
WARNING: [Synth 8-312] ignoring unsynthesizable construct: wait statement with no conditon [E:/Github_repository/COMP3601/VHDL Work/Shi Tong Yuan/Shi Tong Yuan.srcs/sources_1/new/Processor.vhd:95]
WARNING: [Synth 8-312] ignoring unsynthesizable construct: wait statement with no conditon [E:/Github_repository/COMP3601/VHDL Work/Shi Tong Yuan/Shi Tong Yuan.srcs/sources_1/new/Processor.vhd:95]
WARNING: [Synth 8-312] ignoring unsynthesizable construct: wait statement with no conditon [E:/Github_repository/COMP3601/VHDL Work/Shi Tong Yuan/Shi Tong Yuan.srcs/sources_1/new/Processor.vhd:95]
WARNING: [Synth 8-312] ignoring unsynthesizable construct: wait statement with no conditon [E:/Github_repository/COMP3601/VHDL Work/Shi Tong Yuan/Shi Tong Yuan.srcs/sources_1/new/Processor.vhd:95]
WARNING: [Synth 8-312] ignoring unsynthesizable construct: wait statement with no conditon [E:/Github_repository/COMP3601/VHDL Work/Shi Tong Yuan/Shi Tong Yuan.srcs/sources_1/new/Processor.vhd:95]
WARNING: [Synth 8-312] ignoring unsynthesizable construct: wait statement with no conditon [E:/Github_repository/COMP3601/VHDL Work/Shi Tong Yuan/Shi Tong Yuan.srcs/sources_1/new/Processor.vhd:95]
WARNING: [Synth 8-312] ignoring unsynthesizable construct: wait statement with no conditon [E:/Github_repository/COMP3601/VHDL Work/Shi Tong Yuan/Shi Tong Yuan.srcs/sources_1/new/Processor.vhd:95]
WARNING: [Synth 8-312] ignoring unsynthesizable construct: wait statement with no conditon [E:/Github_repository/COMP3601/VHDL Work/Shi Tong Yuan/Shi Tong Yuan.srcs/sources_1/new/Processor.vhd:95]
WARNING: [Synth 8-312] ignoring unsynthesizable construct: wait statement with no conditon [E:/Github_repository/COMP3601/VHDL Work/Shi Tong Yuan/Shi Tong Yuan.srcs/sources_1/new/Processor.vhd:95]
WARNING: [Synth 8-312] ignoring unsynthesizable construct: wait statement with no conditon [E:/Github_repository/COMP3601/VHDL Work/Shi Tong Yuan/Shi Tong Yuan.srcs/sources_1/new/Processor.vhd:95]
WARNING: [Synth 8-312] ignoring unsynthesizable construct: wait statement with no conditon [E:/Github_repository/COMP3601/VHDL Work/Shi Tong Yuan/Shi Tong Yuan.srcs/sources_1/new/Processor.vhd:95]
WARNING: [Synth 8-312] ignoring unsynthesizable construct: wait statement with no conditon [E:/Github_repository/COMP3601/VHDL Work/Shi Tong Yuan/Shi Tong Yuan.srcs/sources_1/new/Processor.vhd:95]
WARNING: [Synth 8-312] ignoring unsynthesizable construct: wait statement with no conditon [E:/Github_repository/COMP3601/VHDL Work/Shi Tong Yuan/Shi Tong Yuan.srcs/sources_1/new/Processor.vhd:95]
WARNING: [Synth 8-312] ignoring unsynthesizable construct: wait statement with no conditon [E:/Github_repository/COMP3601/VHDL Work/Shi Tong Yuan/Shi Tong Yuan.srcs/sources_1/new/Processor.vhd:95]
WARNING: [Synth 8-312] ignoring unsynthesizable construct: wait statement with no conditon [E:/Github_repository/COMP3601/VHDL Work/Shi Tong Yuan/Shi Tong Yuan.srcs/sources_1/new/Processor.vhd:95]
WARNING: [Synth 8-312] ignoring unsynthesizable construct: wait statement with no conditon [E:/Github_repository/COMP3601/VHDL Work/Shi Tong Yuan/Shi Tong Yuan.srcs/sources_1/new/Processor.vhd:95]
WARNING: [Synth 8-312] ignoring unsynthesizable construct: wait statement with no conditon [E:/Github_repository/COMP3601/VHDL Work/Shi Tong Yuan/Shi Tong Yuan.srcs/sources_1/new/Processor.vhd:95]
WARNING: [Synth 8-312] ignoring unsynthesizable construct: wait statement with no conditon [E:/Github_repository/COMP3601/VHDL Work/Shi Tong Yuan/Shi Tong Yuan.srcs/sources_1/new/Processor.vhd:95]
WARNING: [Synth 8-312] ignoring unsynthesizable construct: wait statement with no conditon [E:/Github_repository/COMP3601/VHDL Work/Shi Tong Yuan/Shi Tong Yuan.srcs/sources_1/new/Processor.vhd:95]
WARNING: [Synth 8-312] ignoring unsynthesizable construct: wait statement with no conditon [E:/Github_repository/COMP3601/VHDL Work/Shi Tong Yuan/Shi Tong Yuan.srcs/sources_1/new/Processor.vhd:95]
WARNING: [Synth 8-312] ignoring unsynthesizable construct: wait statement with no conditon [E:/Github_repository/COMP3601/VHDL Work/Shi Tong Yuan/Shi Tong Yuan.srcs/sources_1/new/Processor.vhd:95]
WARNING: [Synth 8-312] ignoring unsynthesizable construct: wait statement with no conditon [E:/Github_repository/COMP3601/VHDL Work/Shi Tong Yuan/Shi Tong Yuan.srcs/sources_1/new/Processor.vhd:95]
WARNING: [Synth 8-312] ignoring unsynthesizable construct: wait statement with no conditon [E:/Github_repository/COMP3601/VHDL Work/Shi Tong Yuan/Shi Tong Yuan.srcs/sources_1/new/Processor.vhd:95]
WARNING: [Synth 8-312] ignoring unsynthesizable construct: wait statement with no conditon [E:/Github_repository/COMP3601/VHDL Work/Shi Tong Yuan/Shi Tong Yuan.srcs/sources_1/new/Processor.vhd:95]
WARNING: [Synth 8-312] ignoring unsynthesizable construct: wait statement with no conditon [E:/Github_repository/COMP3601/VHDL Work/Shi Tong Yuan/Shi Tong Yuan.srcs/sources_1/new/Processor.vhd:95]
WARNING: [Synth 8-312] ignoring unsynthesizable construct: wait statement with no conditon [E:/Github_repository/COMP3601/VHDL Work/Shi Tong Yuan/Shi Tong Yuan.srcs/sources_1/new/Processor.vhd:95]
WARNING: [Synth 8-312] ignoring unsynthesizable construct: wait statement with no conditon [E:/Github_repository/COMP3601/VHDL Work/Shi Tong Yuan/Shi Tong Yuan.srcs/sources_1/new/Processor.vhd:95]
WARNING: [Synth 8-312] ignoring unsynthesizable construct: wait statement with no conditon [E:/Github_repository/COMP3601/VHDL Work/Shi Tong Yuan/Shi Tong Yuan.srcs/sources_1/new/Processor.vhd:95]
WARNING: [Synth 8-312] ignoring unsynthesizable construct: wait statement with no conditon [E:/Github_repository/COMP3601/VHDL Work/Shi Tong Yuan/Shi Tong Yuan.srcs/sources_1/new/Processor.vhd:95]
WARNING: [Synth 8-312] ignoring unsynthesizable construct: wait statement with no conditon [E:/Github_repository/COMP3601/VHDL Work/Shi Tong Yuan/Shi Tong Yuan.srcs/sources_1/new/Processor.vhd:95]
WARNING: [Synth 8-312] ignoring unsynthesizable construct: wait statement with no conditon [E:/Github_repository/COMP3601/VHDL Work/Shi Tong Yuan/Shi Tong Yuan.srcs/sources_1/new/Processor.vhd:95]
WARNING: [Synth 8-312] ignoring unsynthesizable construct: wait statement with no conditon [E:/Github_repository/COMP3601/VHDL Work/Shi Tong Yuan/Shi Tong Yuan.srcs/sources_1/new/Processor.vhd:95]
WARNING: [Synth 8-312] ignoring unsynthesizable construct: wait statement with no conditon [E:/Github_repository/COMP3601/VHDL Work/Shi Tong Yuan/Shi Tong Yuan.srcs/sources_1/new/Processor.vhd:95]
WARNING: [Synth 8-312] ignoring unsynthesizable construct: wait statement with no conditon [E:/Github_repository/COMP3601/VHDL Work/Shi Tong Yuan/Shi Tong Yuan.srcs/sources_1/new/Processor.vhd:95]
WARNING: [Synth 8-312] ignoring unsynthesizable construct: wait statement with no conditon [E:/Github_repository/COMP3601/VHDL Work/Shi Tong Yuan/Shi Tong Yuan.srcs/sources_1/new/Processor.vhd:95]
WARNING: [Synth 8-312] ignoring unsynthesizable construct: wait statement with no conditon [E:/Github_repository/COMP3601/VHDL Work/Shi Tong Yuan/Shi Tong Yuan.srcs/sources_1/new/Processor.vhd:95]
WARNING: [Synth 8-312] ignoring unsynthesizable construct: wait statement with no conditon [E:/Github_repository/COMP3601/VHDL Work/Shi Tong Yuan/Shi Tong Yuan.srcs/sources_1/new/Processor.vhd:95]
WARNING: [Synth 8-312] ignoring unsynthesizable construct: wait statement with no conditon [E:/Github_repository/COMP3601/VHDL Work/Shi Tong Yuan/Shi Tong Yuan.srcs/sources_1/new/Processor.vhd:95]
WARNING: [Synth 8-312] ignoring unsynthesizable construct: wait statement with no conditon [E:/Github_repository/COMP3601/VHDL Work/Shi Tong Yuan/Shi Tong Yuan.srcs/sources_1/new/Processor.vhd:95]
WARNING: [Synth 8-312] ignoring unsynthesizable construct: wait statement with no conditon [E:/Github_repository/COMP3601/VHDL Work/Shi Tong Yuan/Shi Tong Yuan.srcs/sources_1/new/Processor.vhd:95]
WARNING: [Synth 8-312] ignoring unsynthesizable construct: wait statement with no conditon [E:/Github_repository/COMP3601/VHDL Work/Shi Tong Yuan/Shi Tong Yuan.srcs/sources_1/new/Processor.vhd:95]
WARNING: [Synth 8-312] ignoring unsynthesizable construct: wait statement with no conditon [E:/Github_repository/COMP3601/VHDL Work/Shi Tong Yuan/Shi Tong Yuan.srcs/sources_1/new/Processor.vhd:95]
WARNING: [Synth 8-312] ignoring unsynthesizable construct: wait statement with no conditon [E:/Github_repository/COMP3601/VHDL Work/Shi Tong Yuan/Shi Tong Yuan.srcs/sources_1/new/Processor.vhd:95]
WARNING: [Synth 8-312] ignoring unsynthesizable construct: wait statement with no conditon [E:/Github_repository/COMP3601/VHDL Work/Shi Tong Yuan/Shi Tong Yuan.srcs/sources_1/new/Processor.vhd:95]
WARNING: [Synth 8-312] ignoring unsynthesizable construct: wait statement with no conditon [E:/Github_repository/COMP3601/VHDL Work/Shi Tong Yuan/Shi Tong Yuan.srcs/sources_1/new/Processor.vhd:95]
WARNING: [Synth 8-312] ignoring unsynthesizable construct: wait statement with no conditon [E:/Github_repository/COMP3601/VHDL Work/Shi Tong Yuan/Shi Tong Yuan.srcs/sources_1/new/Processor.vhd:95]
WARNING: [Synth 8-312] ignoring unsynthesizable construct: wait statement with no conditon [E:/Github_repository/COMP3601/VHDL Work/Shi Tong Yuan/Shi Tong Yuan.srcs/sources_1/new/Processor.vhd:95]
WARNING: [Synth 8-312] ignoring unsynthesizable construct: wait statement with no conditon [E:/Github_repository/COMP3601/VHDL Work/Shi Tong Yuan/Shi Tong Yuan.srcs/sources_1/new/Processor.vhd:95]
WARNING: [Synth 8-312] ignoring unsynthesizable construct: wait statement with no conditon [E:/Github_repository/COMP3601/VHDL Work/Shi Tong Yuan/Shi Tong Yuan.srcs/sources_1/new/Processor.vhd:95]
WARNING: [Synth 8-312] ignoring unsynthesizable construct: wait statement with no conditon [E:/Github_repository/COMP3601/VHDL Work/Shi Tong Yuan/Shi Tong Yuan.srcs/sources_1/new/Processor.vhd:95]
WARNING: [Synth 8-312] ignoring unsynthesizable construct: wait statement with no conditon [E:/Github_repository/COMP3601/VHDL Work/Shi Tong Yuan/Shi Tong Yuan.srcs/sources_1/new/Processor.vhd:95]
WARNING: [Synth 8-312] ignoring unsynthesizable construct: wait statement with no conditon [E:/Github_repository/COMP3601/VHDL Work/Shi Tong Yuan/Shi Tong Yuan.srcs/sources_1/new/Processor.vhd:95]
WARNING: [Synth 8-312] ignoring unsynthesizable construct: wait statement with no conditon [E:/Github_repository/COMP3601/VHDL Work/Shi Tong Yuan/Shi Tong Yuan.srcs/sources_1/new/Processor.vhd:95]
WARNING: [Synth 8-312] ignoring unsynthesizable construct: wait statement with no conditon [E:/Github_repository/COMP3601/VHDL Work/Shi Tong Yuan/Shi Tong Yuan.srcs/sources_1/new/Processor.vhd:95]
WARNING: [Synth 8-312] ignoring unsynthesizable construct: wait statement with no conditon [E:/Github_repository/COMP3601/VHDL Work/Shi Tong Yuan/Shi Tong Yuan.srcs/sources_1/new/Processor.vhd:95]
WARNING: [Synth 8-312] ignoring unsynthesizable construct: wait statement with no conditon [E:/Github_repository/COMP3601/VHDL Work/Shi Tong Yuan/Shi Tong Yuan.srcs/sources_1/new/Processor.vhd:95]
WARNING: [Synth 8-312] ignoring unsynthesizable construct: wait statement with no conditon [E:/Github_repository/COMP3601/VHDL Work/Shi Tong Yuan/Shi Tong Yuan.srcs/sources_1/new/Processor.vhd:95]
WARNING: [Synth 8-312] ignoring unsynthesizable construct: wait statement with no conditon [E:/Github_repository/COMP3601/VHDL Work/Shi Tong Yuan/Shi Tong Yuan.srcs/sources_1/new/Processor.vhd:95]
WARNING: [Synth 8-312] ignoring unsynthesizable construct: wait statement with no conditon [E:/Github_repository/COMP3601/VHDL Work/Shi Tong Yuan/Shi Tong Yuan.srcs/sources_1/new/Processor.vhd:95]
WARNING: [Synth 8-312] ignoring unsynthesizable construct: wait statement with no conditon [E:/Github_repository/COMP3601/VHDL Work/Shi Tong Yuan/Shi Tong Yuan.srcs/sources_1/new/Processor.vhd:95]
WARNING: [Synth 8-312] ignoring unsynthesizable construct: wait statement with no conditon [E:/Github_repository/COMP3601/VHDL Work/Shi Tong Yuan/Shi Tong Yuan.srcs/sources_1/new/Processor.vhd:95]
WARNING: [Synth 8-312] ignoring unsynthesizable construct: wait statement with no conditon [E:/Github_repository/COMP3601/VHDL Work/Shi Tong Yuan/Shi Tong Yuan.srcs/sources_1/new/Processor.vhd:95]
WARNING: [Synth 8-312] ignoring unsynthesizable construct: wait statement with no conditon [E:/Github_repository/COMP3601/VHDL Work/Shi Tong Yuan/Shi Tong Yuan.srcs/sources_1/new/Processor.vhd:95]
WARNING: [Synth 8-312] ignoring unsynthesizable construct: wait statement with no conditon [E:/Github_repository/COMP3601/VHDL Work/Shi Tong Yuan/Shi Tong Yuan.srcs/sources_1/new/Processor.vhd:95]
WARNING: [Synth 8-312] ignoring unsynthesizable construct: wait statement with no conditon [E:/Github_repository/COMP3601/VHDL Work/Shi Tong Yuan/Shi Tong Yuan.srcs/sources_1/new/Processor.vhd:95]
WARNING: [Synth 8-312] ignoring unsynthesizable construct: wait statement with no conditon [E:/Github_repository/COMP3601/VHDL Work/Shi Tong Yuan/Shi Tong Yuan.srcs/sources_1/new/Processor.vhd:95]
WARNING: [Synth 8-312] ignoring unsynthesizable construct: wait statement with no conditon [E:/Github_repository/COMP3601/VHDL Work/Shi Tong Yuan/Shi Tong Yuan.srcs/sources_1/new/Processor.vhd:95]
WARNING: [Synth 8-312] ignoring unsynthesizable construct: wait statement with no conditon [E:/Github_repository/COMP3601/VHDL Work/Shi Tong Yuan/Shi Tong Yuan.srcs/sources_1/new/Processor.vhd:95]
WARNING: [Synth 8-312] ignoring unsynthesizable construct: wait statement with no conditon [E:/Github_repository/COMP3601/VHDL Work/Shi Tong Yuan/Shi Tong Yuan.srcs/sources_1/new/Processor.vhd:95]
WARNING: [Synth 8-312] ignoring unsynthesizable construct: wait statement with no conditon [E:/Github_repository/COMP3601/VHDL Work/Shi Tong Yuan/Shi Tong Yuan.srcs/sources_1/new/Processor.vhd:95]
WARNING: [Synth 8-312] ignoring unsynthesizable construct: wait statement with no conditon [E:/Github_repository/COMP3601/VHDL Work/Shi Tong Yuan/Shi Tong Yuan.srcs/sources_1/new/Processor.vhd:95]
WARNING: [Synth 8-312] ignoring unsynthesizable construct: wait statement with no conditon [E:/Github_repository/COMP3601/VHDL Work/Shi Tong Yuan/Shi Tong Yuan.srcs/sources_1/new/Processor.vhd:95]
WARNING: [Synth 8-312] ignoring unsynthesizable construct: wait statement with no conditon [E:/Github_repository/COMP3601/VHDL Work/Shi Tong Yuan/Shi Tong Yuan.srcs/sources_1/new/Processor.vhd:95]
WARNING: [Synth 8-312] ignoring unsynthesizable construct: wait statement with no conditon [E:/Github_repository/COMP3601/VHDL Work/Shi Tong Yuan/Shi Tong Yuan.srcs/sources_1/new/Processor.vhd:95]
WARNING: [Synth 8-312] ignoring unsynthesizable construct: wait statement with no conditon [E:/Github_repository/COMP3601/VHDL Work/Shi Tong Yuan/Shi Tong Yuan.srcs/sources_1/new/Processor.vhd:95]
WARNING: [Synth 8-312] ignoring unsynthesizable construct: wait statement with no conditon [E:/Github_repository/COMP3601/VHDL Work/Shi Tong Yuan/Shi Tong Yuan.srcs/sources_1/new/Processor.vhd:95]
WARNING: [Synth 8-312] ignoring unsynthesizable construct: wait statement with no conditon [E:/Github_repository/COMP3601/VHDL Work/Shi Tong Yuan/Shi Tong Yuan.srcs/sources_1/new/Processor.vhd:95]
WARNING: [Synth 8-312] ignoring unsynthesizable construct: wait statement with no conditon [E:/Github_repository/COMP3601/VHDL Work/Shi Tong Yuan/Shi Tong Yuan.srcs/sources_1/new/Processor.vhd:95]
WARNING: [Synth 8-312] ignoring unsynthesizable construct: wait statement with no conditon [E:/Github_repository/COMP3601/VHDL Work/Shi Tong Yuan/Shi Tong Yuan.srcs/sources_1/new/Processor.vhd:95]
WARNING: [Synth 8-312] ignoring unsynthesizable construct: wait statement with no conditon [E:/Github_repository/COMP3601/VHDL Work/Shi Tong Yuan/Shi Tong Yuan.srcs/sources_1/new/Processor.vhd:95]
WARNING: [Synth 8-312] ignoring unsynthesizable construct: wait statement with no conditon [E:/Github_repository/COMP3601/VHDL Work/Shi Tong Yuan/Shi Tong Yuan.srcs/sources_1/new/Processor.vhd:95]
WARNING: [Synth 8-312] ignoring unsynthesizable construct: wait statement with no conditon [E:/Github_repository/COMP3601/VHDL Work/Shi Tong Yuan/Shi Tong Yuan.srcs/sources_1/new/Processor.vhd:95]
WARNING: [Synth 8-312] ignoring unsynthesizable construct: wait statement with no conditon [E:/Github_repository/COMP3601/VHDL Work/Shi Tong Yuan/Shi Tong Yuan.srcs/sources_1/new/Processor.vhd:95]
WARNING: [Synth 8-312] ignoring unsynthesizable construct: wait statement with no conditon [E:/Github_repository/COMP3601/VHDL Work/Shi Tong Yuan/Shi Tong Yuan.srcs/sources_1/new/Processor.vhd:95]
WARNING: [Synth 8-312] ignoring unsynthesizable construct: wait statement with no conditon [E:/Github_repository/COMP3601/VHDL Work/Shi Tong Yuan/Shi Tong Yuan.srcs/sources_1/new/Processor.vhd:95]
WARNING: [Synth 8-312] ignoring unsynthesizable construct: wait statement with no conditon [E:/Github_repository/COMP3601/VHDL Work/Shi Tong Yuan/Shi Tong Yuan.srcs/sources_1/new/Processor.vhd:95]
WARNING: [Synth 8-312] ignoring unsynthesizable construct: wait statement with no conditon [E:/Github_repository/COMP3601/VHDL Work/Shi Tong Yuan/Shi Tong Yuan.srcs/sources_1/new/Processor.vhd:95]
INFO: [Common 17-14] Message 'Synth 8-312' appears 100 times and further instances of the messages will be disabled. Use the Tcl command set_msg_config to change the current settings.
