Vivado Simulator v2020.2.2
Copyright 1986-1999, 2001-2021 Xilinx, Inc. All Rights Reserved.
Running: D:/Xilinx/Vivado/2020.2/bin/unwrapped/win64.o/xelab.exe -wto 76fe657e41bb4ff2ae96d38964610467 --incr --debug typical --relax --mt 2 -L xil_defaultlib -L secureip --snapshot Processor_behav xil_defaultlib.Processor -log elaborate.log 
Using 2 slave threads.
Starting static elaboration
Completed static elaboration
Starting simulation data flow analysis
Completed simulation data flow analysis
Time Resolution for simulation is 1ps
Compiling package std.standard
Compiling package std.textio
Compiling package ieee.std_logic_1164
Compiling package ieee.std_logic_arith
Compiling package ieee.std_logic_unsigned
Compiling package xil_defaultlib.packages
Compiling architecture behavioral of entity xil_defaultlib.PC [pc_default]
Compiling architecture rtl of entity xil_defaultlib.random_generator [\random_generator(data_width=17)...]
Compiling architecture behavioral of entity xil_defaultlib.q_generator [q_generator_default]
Compiling architecture behavioral of entity xil_defaultlib.generate_s [generate_s_default]
Compiling architecture behavioral of entity xil_defaultlib.generate_e [generate_e_default]
Compiling architecture behavioral of entity xil_defaultlib.processor
Built simulation snapshot Processor_behav
