
*** Running vivado
    with args -log Processor.vds -m64 -product Vivado -mode batch -messageDb vivado.pb -notrace -source Processor.tcl



****** Vivado v2020.2.2 (64-bit)
  **** SW Build 3118627 on Tue Feb  9 05:14:06 MST 2021
  **** IP Build 3115676 on Tue Feb  9 10:48:11 MST 2021
    ** Copyright 1986-2021 Xilinx, Inc. All Rights Reserved.

source Processor.tcl -notrace
Command: synth_design -top Processor -part xc7k70tfbg484-3
Starting synth_design
Attempting to get a license for feature 'Synthesis' and/or device 'xc7k70t'
INFO: [Common 17-349] Got license for feature 'Synthesis' and/or device 'xc7k70t'
INFO: [Synth 8-7079] Multithreading enabled for synth_design using a maximum of 2 processes.
INFO: [Synth 8-7078] Launching helper process for spawning children vivado processes
INFO: [Synth 8-7075] Helper process launched with PID 15088
---------------------------------------------------------------------------------
Starting Synthesize : Time (s): cpu = 00:00:03 ; elapsed = 00:00:04 . Memory (MB): peak = 1027.371 ; gain = 0.000
---------------------------------------------------------------------------------
INFO: [Synth 8-638] synthesizing module 'Processor' [E:/Github_repository/COMP3601/VHDL Work/3601project/3601project.srcs/sources_1/imports/new/Processor.vhd:15]
INFO: [Synth 8-3491] module 'generate_A' declared at 'E:/Github_repository/COMP3601/VHDL Work/3601project/3601project.srcs/sources_1/imports/new/generate_A.vhd:7' bound to instance 'generate_Matrix_A' of component 'generate_A' [E:/Github_repository/COMP3601/VHDL Work/3601project/3601project.srcs/sources_1/imports/new/Processor.vhd:137]
INFO: [Synth 8-638] synthesizing module 'generate_A' [E:/Github_repository/COMP3601/VHDL Work/3601project/3601project.srcs/sources_1/imports/new/generate_A.vhd:17]
	Parameter data_width bound to: 7 - type: integer 
INFO: [Synth 8-3491] module 'random_generator' declared at 'E:/Github_repository/COMP3601/VHDL Work/3601project/3601project.srcs/sources_1/imports/new/random_generator.vhd:5' bound to instance 'random_number' of component 'random_generator' [E:/Github_repository/COMP3601/VHDL Work/3601project/3601project.srcs/sources_1/imports/new/generate_A.vhd:30]
INFO: [Synth 8-638] synthesizing module 'random_generator' [E:/Github_repository/COMP3601/VHDL Work/3601project/3601project.srcs/sources_1/imports/new/random_generator.vhd:15]
	Parameter data_width bound to: 7 - type: integer 
WARNING: [Synth 8-614] signal 'run' is read in the process but is not in the sensitivity list [E:/Github_repository/COMP3601/VHDL Work/3601project/3601project.srcs/sources_1/imports/new/random_generator.vhd:22]
WARNING: [Synth 8-614] signal 'seed' is read in the process but is not in the sensitivity list [E:/Github_repository/COMP3601/VHDL Work/3601project/3601project.srcs/sources_1/imports/new/random_generator.vhd:22]
INFO: [Synth 8-256] done synthesizing module 'random_generator' (1#1) [E:/Github_repository/COMP3601/VHDL Work/3601project/3601project.srcs/sources_1/imports/new/random_generator.vhd:15]
INFO: [Synth 8-256] done synthesizing module 'generate_A' (2#1) [E:/Github_repository/COMP3601/VHDL Work/3601project/3601project.srcs/sources_1/imports/new/generate_A.vhd:17]
INFO: [Synth 8-3491] module 'generate_s' declared at 'E:/Github_repository/COMP3601/VHDL Work/3601project/3601project.srcs/sources_1/imports/new/generate_s.vhd:7' bound to instance 'generate_Matrix_S' of component 'generate_s' [E:/Github_repository/COMP3601/VHDL Work/3601project/3601project.srcs/sources_1/imports/new/Processor.vhd:170]
INFO: [Synth 8-638] synthesizing module 'generate_s' [E:/Github_repository/COMP3601/VHDL Work/3601project/3601project.srcs/sources_1/imports/new/generate_s.vhd:16]
	Parameter data_width bound to: 7 - type: integer 
INFO: [Synth 8-3491] module 'random_generator' declared at 'E:/Github_repository/COMP3601/VHDL Work/3601project/3601project.srcs/sources_1/imports/new/random_generator.vhd:5' bound to instance 'random_number' of component 'random_generator' [E:/Github_repository/COMP3601/VHDL Work/3601project/3601project.srcs/sources_1/imports/new/generate_s.vhd:28]
INFO: [Synth 8-256] done synthesizing module 'generate_s' (3#1) [E:/Github_repository/COMP3601/VHDL Work/3601project/3601project.srcs/sources_1/imports/new/generate_s.vhd:16]
INFO: [Synth 8-3491] module 'generate_e' declared at 'E:/Github_repository/COMP3601/VHDL Work/3601project/3601project.srcs/sources_1/imports/new/generate_e.vhd:7' bound to instance 'generate_Matrix_E' of component 'generate_e' [E:/Github_repository/COMP3601/VHDL Work/3601project/3601project.srcs/sources_1/imports/new/Processor.vhd:200]
INFO: [Synth 8-638] synthesizing module 'generate_e' [E:/Github_repository/COMP3601/VHDL Work/3601project/3601project.srcs/sources_1/imports/new/generate_e.vhd:16]
	Parameter data_width bound to: 7 - type: integer 
INFO: [Synth 8-3491] module 'random_generator' declared at 'E:/Github_repository/COMP3601/VHDL Work/3601project/3601project.srcs/sources_1/imports/new/random_generator.vhd:5' bound to instance 'random_number' of component 'random_generator' [E:/Github_repository/COMP3601/VHDL Work/3601project/3601project.srcs/sources_1/imports/new/generate_e.vhd:28]
INFO: [Synth 8-256] done synthesizing module 'generate_e' (4#1) [E:/Github_repository/COMP3601/VHDL Work/3601project/3601project.srcs/sources_1/imports/new/generate_e.vhd:16]
INFO: [Synth 8-3491] module 'generate_B' declared at 'E:/Github_repository/COMP3601/VHDL Work/3601project/3601project.srcs/sources_1/imports/new/generate_B.vhd:7' bound to instance 'generate_Matrix_B' of component 'generate_B' [E:/Github_repository/COMP3601/VHDL Work/3601project/3601project.srcs/sources_1/imports/new/Processor.vhd:231]
INFO: [Synth 8-638] synthesizing module 'generate_B' [E:/Github_repository/COMP3601/VHDL Work/3601project/3601project.srcs/sources_1/imports/new/generate_B.vhd:24]
INFO: [Synth 8-256] done synthesizing module 'generate_B' (5#1) [E:/Github_repository/COMP3601/VHDL Work/3601project/3601project.srcs/sources_1/imports/new/generate_B.vhd:24]
